18:29:17,534 | 
 
18:29:17,544 | ====================================================================================================
18:29:17,544 | |                                                                                                  |
18:29:17,544 | |                                          DEBUG                                                   |
18:29:17,544 | |                                                                                                  |
18:29:17,544 | ====================================================================================================
18:29:17,544 | 
 
18:29:27,969 | 				-> ## 06:29:27     0     0      TEST
18:29:27,994 | 				-> ## 06:29:27     0     0  ========================
18:29:28,010 | 				-> ## 06:29:28     0     0  
18:29:28,044 | 				-> ## 06:29:28     0     0  Déplacer la face1
18:29:28,061 | 				-> ## 06:29:28     0     0  Erreur : swBodyOperationNonApiBody
18:29:28,078 | 				-> ## 06:29:28     0     0  Erreur : swBodyOperationNonApiBody
18:29:28,094 | 				-> ## 06:29:28     0     0  Erreur : swBodyOperationNonApiBody
18:29:28,111 | 				-> ## 06:29:28     0     0  Erreur : swBodyOperationNonApiBody
18:29:28,128 | 				-> ## 06:29:28     0     0  Erreur : swBodyOperationNonApiBody
18:29:28,144 | 				-> ## 06:29:28     0     0  Erreur : swBodyOperationNonApiBody
18:29:28,161 | 				-> ## 06:29:28     0     0  Erreur : swBodyOperationNonApiBody
18:29:28,178 | 				-> ## 06:29:28     0     0  Erreur : swBodyOperationNonApiBody
18:29:28,195 | 				-> ## 06:29:28     0     0  Erreur : swBodyOperationNonApiBody
18:29:28,212 | 				-> ## 06:29:28     0     0  Executé en 0s185
18:29:28,228 | 				-> ## 06:29:28     0     0  
